
> assigment5@1.0.0 start-dev
> nodemon --inspect ./bin/www

[33m[nodemon] 3.1.9[39m
[33m[nodemon] to restart at any time, enter `rs`[39m
[33m[nodemon] watching path(s): *.*[39m
[33m[nodemon] watching extensions: js,mjs,cjs,json[39m
[32m[nodemon] starting `node --inspect ./bin/www`[39m
node:events:497
      throw er; // Unhandled 'error' event
      ^

Error: EBADF: bad file descriptor, read
Emitted 'error' event on ReadStream instance at:
    at emitErrorNT (node:internal/streams/destroy:169:8)
    at errorOrDestroy (node:internal/streams/destroy:238:7)
    at node:internal/fs/streams:272:9
    at FSReqCallback.wrapper [as oncomplete] (node:fs:682:5) {
  errno: -9,
  code: 'EBADF',
  syscall: 'read'
}

Node.js v20.16.0
Debugger listening on ws://127.0.0.1:9229/d69487f7-6649-4867-a2a8-dd87beba1a9e
For help, see: https://nodejs.org/en/docs/inspector
Listening on port 8080
✅ MongoDB connected successfully
✅ Blogs fetched sucessfully
✅ Blogs fetched sucessfully
✅ REST API: Blog post added successfully
✅ Blogs fetched sucessfully
✅ Blogs fetched sucessfully
✅ Blogs fetched sucessfully
✅ Blogs fetched sucessfully
✅ Blogs fetched sucessfully
✅ Blogs fetched sucessfully
✅ Blogs fetched sucessfully
✅ Blogs fetched sucessfully
✅ Blogs fetched sucessfully
